<?xml version="1.0" encoding="UTF-8"?>
<!-- Generated by org.testng.reporters.JUnitXMLReporter -->
<testsuite ignored="0" hostname="L-357009218" failures="0" tests="4" name="Default test" time="0.107" errors="0" timestamp="2023-05-11T18:39:57 IST">
  <testcase classname="GroupMethod.GroupTest" name="Apple1" time="0.023"/>
  <testcase classname="GroupMethod.GroupTest" name="lenova1" time="0.002"/>
  <testcase classname="GroupMethod.GroupTest" name="mi1" time="0.002"/>
  <testcase classname="GroupMethod.GroupTest" name="moto1" time="0.003"/>
</testsuite> <!-- Default test -->
