<?xml version="1.0" encoding="UTF-8"?>
<testng-results ignored="0" total="4" passed="4" failed="0" skipped="0">
  <reporter-output>
  </reporter-output>
  <suite started-at="2023-05-11T18:39:57 IST" name="Default suite" finished-at="2023-05-11T18:39:57 IST" duration-ms="107">
    <groups>
      <group name="Apple">
        <method signature="GroupTest.Apple1()[pri:0, instance:GroupMethod.GroupTest@5136d012]" name="Apple1" class="GroupMethod.GroupTest"/>
      </group> <!-- Apple -->
      <group name="Lenova">
        <method signature="GroupTest.lenova1()[pri:0, instance:GroupMethod.GroupTest@5136d012]" name="lenova1" class="GroupMethod.GroupTest"/>
      </group> <!-- Lenova -->
      <group name="Moto">
        <method signature="GroupTest.moto1()[pri:0, instance:GroupMethod.GroupTest@5136d012]" name="moto1" class="GroupMethod.GroupTest"/>
      </group> <!-- Moto -->
      <group name="MI">
        <method signature="GroupTest.mi1()[pri:0, instance:GroupMethod.GroupTest@5136d012]" name="mi1" class="GroupMethod.GroupTest"/>
      </group> <!-- MI -->
    </groups>
    <test started-at="2023-05-11T18:39:57 IST" name="Default test" finished-at="2023-05-11T18:39:57 IST" duration-ms="107">
      <class name="GroupMethod.GroupTest">
        <test-method signature="Apple1()[pri:0, instance:GroupMethod.GroupTest@5136d012]" started-at="2023-05-11T18:39:57 IST" name="Apple1" finished-at="2023-05-11T18:39:57 IST" duration-ms="23" status="PASS">
          <reporter-output>
          </reporter-output>
        </test-method> <!-- Apple1 -->
        <test-method signature="lenova1()[pri:0, instance:GroupMethod.GroupTest@5136d012]" started-at="2023-05-11T18:39:57 IST" name="lenova1" finished-at="2023-05-11T18:39:57 IST" duration-ms="2" status="PASS">
          <reporter-output>
          </reporter-output>
        </test-method> <!-- lenova1 -->
        <test-method signature="mi1()[pri:0, instance:GroupMethod.GroupTest@5136d012]" started-at="2023-05-11T18:39:57 IST" name="mi1" finished-at="2023-05-11T18:39:57 IST" duration-ms="2" status="PASS">
          <reporter-output>
          </reporter-output>
        </test-method> <!-- mi1 -->
        <test-method signature="moto1()[pri:0, instance:GroupMethod.GroupTest@5136d012]" started-at="2023-05-11T18:39:57 IST" name="moto1" finished-at="2023-05-11T18:39:57 IST" duration-ms="3" status="PASS">
          <reporter-output>
          </reporter-output>
        </test-method> <!-- moto1 -->
      </class> <!-- GroupMethod.GroupTest -->
    </test> <!-- Default test -->
  </suite> <!-- Default suite -->
</testng-results>
